*** Starting uWSGI 2.0.19.1 (64bit) on [Sun Aug 30 06:13:01 2020] ***
compiled with version: 7.5.0 on 25 August 2020 01:57:40
os: Linux-5.3.0-1033-aws #35-Ubuntu SMP Wed Aug 5 15:47:17 UTC 2020
nodename: ip-192-168-100-85
machine: x86_64
clock source: unix
pcre jit disabled
detected number of CPU cores: 2
current working directory: /root
writing pidfile to uwsgi.pid
detected binary path: /usr/local/bin/uwsgi
uWSGI running as root, you can use --uid/--gid/--chroot options
*** WARNING: you are running uWSGI as root !!! (use the --uid flag) *** 
chdir() to /home/ubuntu/pixellot
your processes number limit is 15622
your memory page size is 4096 bytes
detected max file descriptor number: 1024
lock engine: pthread robust mutexes
thunder lock: disabled (you can enable it with --thunder-lock)
uwsgi socket 0 bound to TCP address 0.0.0.0:8080 fd 3
uWSGI running as root, you can use --uid/--gid/--chroot options
*** WARNING: you are running uWSGI as root !!! (use the --uid flag) *** 
Python version: 3.6.9 (default, Jul 17 2020, 12:50:27)  [GCC 8.4.0]
Set PythonHome to /home/ubuntu/Envs/pixellot
Python main interpreter initialized at 0x55fd43c00980
uWSGI running as root, you can use --uid/--gid/--chroot options
*** WARNING: you are running uWSGI as root !!! (use the --uid flag) *** 
python threads support enabled
your server socket listen backlog is limited to 100 connections
your mercy for graceful operations on workers is 60 seconds
mapped 1031270 bytes (1007 KB) for 8 cores
*** Operational MODE: preforking+threaded ***
added /home/ubuntu/pixellot/ to pythonpath.
WSGI app 0 (mountpoint='') ready in 1 seconds on interpreter 0x55fd43c00980 pid: 1556 (default app)
mountpoint  already configured. skip.
uWSGI running as root, you can use --uid/--gid/--chroot options
*** WARNING: you are running uWSGI as root !!! (use the --uid flag) *** 
*** uWSGI is running in multiple interpreter mode ***
spawned uWSGI master process (pid: 1556)
spawned uWSGI worker 1 (pid: 1567, cores: 2)
spawned uWSGI worker 2 (pid: 1568, cores: 2)
spawned uWSGI worker 3 (pid: 1570, cores: 2)
spawned uWSGI worker 4 (pid: 1571, cores: 2)
*** Stats server enabled on 127.0.0.1:9191 fd: 15 ***
-- unavailable modifier requested: 3 --
uwsgi_proto_uwsgi_parser(): Resource temporarily unavailable [proto/uwsgi.c line 40]
uwsgi_proto_uwsgi_parser(): Resource temporarily unavailable [proto/uwsgi.c line 40]
uwsgi_proto_uwsgi_parser(): Resource temporarily unavailable [proto/uwsgi.c line 40]
