*** Starting uWSGI 2.0.19.1 (64bit) on [Sat Aug 29 06:13:01 2020] ***
compiled with version: 7.5.0 on 25 August 2020 01:57:40
os: Linux-5.3.0-1033-aws #35-Ubuntu SMP Wed Aug 5 15:47:17 UTC 2020
nodename: ip-192-168-100-85
machine: x86_64
clock source: unix
pcre jit disabled
detected number of CPU cores: 2
current working directory: /root
writing pidfile to uwsgi.pid
detected binary path: /usr/local/bin/uwsgi
uWSGI running as root, you can use --uid/--gid/--chroot options
*** WARNING: you are running uWSGI as root !!! (use the --uid flag) *** 
chdir() to /home/ubuntu/pixellot
your processes number limit is 15622
your memory page size is 4096 bytes
detected max file descriptor number: 1024
lock engine: pthread robust mutexes
thunder lock: disabled (you can enable it with --thunder-lock)
uwsgi socket 0 bound to TCP address 0.0.0.0:8080 fd 3
uWSGI running as root, you can use --uid/--gid/--chroot options
*** WARNING: you are running uWSGI as root !!! (use the --uid flag) *** 
Python version: 3.6.9 (default, Jul 17 2020, 12:50:27)  [GCC 8.4.0]
Set PythonHome to /home/ubuntu/Envs/pixellot
Python main interpreter initialized at 0x5587e16f4980
uWSGI running as root, you can use --uid/--gid/--chroot options
*** WARNING: you are running uWSGI as root !!! (use the --uid flag) *** 
python threads support enabled
your server socket listen backlog is limited to 100 connections
your mercy for graceful operations on workers is 60 seconds
mapped 1031270 bytes (1007 KB) for 8 cores
*** Operational MODE: preforking+threaded ***
added /home/ubuntu/pixellot/ to pythonpath.
WSGI app 0 (mountpoint='') ready in 1 seconds on interpreter 0x5587e16f4980 pid: 1709 (default app)
mountpoint  already configured. skip.
uWSGI running as root, you can use --uid/--gid/--chroot options
*** WARNING: you are running uWSGI as root !!! (use the --uid flag) *** 
*** uWSGI is running in multiple interpreter mode ***
spawned uWSGI master process (pid: 1709)
spawned uWSGI worker 1 (pid: 1720, cores: 2)
spawned uWSGI worker 2 (pid: 1721, cores: 2)
spawned uWSGI worker 3 (pid: 1723, cores: 2)
spawned uWSGI worker 4 (pid: 1724, cores: 2)
*** Stats server enabled on 127.0.0.1:9191 fd: 15 ***
uwsgi_proto_uwsgi_parser(): Success [proto/uwsgi.c line 40]
uwsgi_proto_uwsgi_parser(): Resource temporarily unavailable [proto/uwsgi.c line 40]
-- unavailable modifier requested: 3 --
-- unavailable modifier requested: 3 --
uwsgi_proto_uwsgi_parser(): Connection reset by peer [proto/uwsgi.c line 35]
uwsgi_proto_uwsgi_parser(): Connection reset by peer [proto/uwsgi.c line 35]
-- unavailable modifier requested: 4 --
uwsgi_proto_uwsgi_parser(): Resource temporarily unavailable [proto/uwsgi.c line 40]
uwsgi_proto_uwsgi_parser(): Success [proto/uwsgi.c line 40]
uwsgi_proto_uwsgi_parser(): Resource temporarily unavailable [proto/uwsgi.c line 40]
...brutally killing workers...
worker 1 buried after 1 seconds
worker 2 buried after 1 seconds
worker 3 buried after 1 seconds
worker 4 buried after 1 seconds
binary reloading uWSGI...
chdir() to /root
closing all non-uwsgi socket fds > 2 (max_fd = 1024)...
found fd 3 mapped to socket 0 (0.0.0.0:8080)
running /usr/local/bin/uwsgi
[uWSGI] getting INI configuration from /home/ubuntu/pixellot/server/uwsgi.ini
*** Starting uWSGI 2.0.19.1 (64bit) on [Sun Aug 30 06:02:07 2020] ***
compiled with version: 7.5.0 on 25 August 2020 01:57:40
os: Linux-5.3.0-1033-aws #35-Ubuntu SMP Wed Aug 5 15:47:17 UTC 2020
nodename: ip-192-168-100-85
machine: x86_64
clock source: unix
pcre jit disabled
detected number of CPU cores: 2
current working directory: /root
detected binary path: /usr/local/bin/uwsgi
uWSGI running as root, you can use --uid/--gid/--chroot options
*** WARNING: you are running uWSGI as root !!! (use the --uid flag) *** 
chdir() to /home/ubuntu/pixellot
your processes number limit is 15622
your memory page size is 4096 bytes
detected max file descriptor number: 1024
lock engine: pthread robust mutexes
thunder lock: disabled (you can enable it with --thunder-lock)
uwsgi socket 0 inherited INET address 0.0.0.0:8080 fd 3
uWSGI running as root, you can use --uid/--gid/--chroot options
*** WARNING: you are running uWSGI as root !!! (use the --uid flag) *** 
Python version: 3.6.9 (default, Jul 17 2020, 12:50:27)  [GCC 8.4.0]
Set PythonHome to /home/ubuntu/Envs/pixellot
Python main interpreter initialized at 0x55ef3b1998e0
uWSGI running as root, you can use --uid/--gid/--chroot options
*** WARNING: you are running uWSGI as root !!! (use the --uid flag) *** 
python threads support enabled
your server socket listen backlog is limited to 100 connections
your mercy for graceful operations on workers is 60 seconds
mapped 1031270 bytes (1007 KB) for 8 cores
*** Operational MODE: preforking+threaded ***
added /home/ubuntu/pixellot/ to pythonpath.
WSGI app 0 (mountpoint='') ready in 1 seconds on interpreter 0x55ef3b1998e0 pid: 1709 (default app)
mountpoint  already configured. skip.
uWSGI running as root, you can use --uid/--gid/--chroot options
*** WARNING: you are running uWSGI as root !!! (use the --uid flag) *** 
*** uWSGI is running in multiple interpreter mode ***
gracefully (RE)spawned uWSGI master process (pid: 1709)
spawned uWSGI worker 1 (pid: 5680, cores: 2)
spawned uWSGI worker 2 (pid: 5681, cores: 2)
spawned uWSGI worker 3 (pid: 5683, cores: 2)
spawned uWSGI worker 4 (pid: 5684, cores: 2)
*** Stats server enabled on 127.0.0.1:9191 fd: 15 ***
